<?xml version="1.0" encoding="UTF-8"?>
<!-- Generated by org.testng.reporters.JUnitReportReporter -->
<testsuite hostname="DESKTOP-E8ITG7R" failures="0" tests="1" name="com.ghate.tests.LoginpageTest" time="30.110" errors="0" timestamp="13 Nov 2024 20:56:58 GMT" skipped="0">
  <testcase classname="com.ghate.tests.LoginpageTest" name="test1" time="30.110"/>
</testsuite> <!-- com.ghate.tests.LoginpageTest -->
