<?xml version="1.0" encoding="UTF-8"?>
<!-- Generated by org.testng.reporters.JUnitReportReporter -->
<testsuite hostname="DESKTOP-E8ITG7R" failures="0" tests="2" name="com.tmb.tests.LoginpageTest" time="33.441" errors="0" timestamp="13 Nov 2024 19:33:38 GMT" skipped="0">
  <testcase classname="com.tmb.tests.LoginpageTest" name="test2" time="17.285"/>
  <testcase classname="com.tmb.tests.LoginpageTest" name="test1" time="16.156"/>
</testsuite> <!-- com.tmb.tests.LoginpageTest -->
