<?xml version="1.0" encoding="UTF-8"?>
<!-- Generated by org.testng.reporters.JUnitReportReporter -->
<testsuite hostname="DESKTOP-E8ITG7R" failures="0" tests="1" name="com.ghate.tests.HomePageTest" time="13.807" errors="0" timestamp="13 Nov 2024 20:21:49 GMT" skipped="0">
  <testcase classname="com.ghate.tests.HomePageTest" name="test3" time="13.807"/>
</testsuite> <!-- com.ghate.tests.HomePageTest -->
