<?xml version="1.0" encoding="UTF-8"?>
<!-- Generated by org.testng.reporters.JUnitReportReporter -->
<testsuite hostname="DESKTOP-E8ITG7R" failures="0" tests="1" name="com.tmb.tests.LoginpageTest" time="15.455" errors="0" timestamp="13 Nov 2024 20:09:46 GMT" skipped="0">
  <testcase classname="com.tmb.tests.LoginpageTest" name="test1" time="15.455"/>
</testsuite> <!-- com.tmb.tests.LoginpageTest -->
