<?xml version="1.0" encoding="UTF-8"?>
<!-- Generated by org.testng.reporters.JUnitReportReporter -->
<testsuite hostname="DESKTOP-E8ITG7R" failures="0" tests="2" name="com.ghate.tests.HomePageTest" time="19.716" errors="0" timestamp="22 Nov 2024 00:50:07 GMT" skipped="1">
  <testcase classname="com.ghate.tests.HomePageTest" name="googleSearch" time="19.716"/>
  <testcase classname="com.ghate.tests.HomePageTest" name="TestCase1">
    <skipped/>
  </testcase> <!-- TestCase1 -->
</testsuite> <!-- com.ghate.tests.HomePageTest -->
