<?xml version="1.0" encoding="UTF-8"?>
<!-- Generated by org.testng.reporters.JUnitReportReporter -->
<testsuite hostname="DESKTOP-E8ITG7R" failures="0" tests="1" name="com.tmb.tests.HomePageTest" time="14.521" errors="0" timestamp="13 Nov 2024 19:33:38 GMT" skipped="0">
  <testcase classname="com.tmb.tests.HomePageTest" name="test2" time="14.521"/>
</testsuite> <!-- com.tmb.tests.HomePageTest -->
