<?xml version="1.0" encoding="UTF-8"?>
<!-- Generated by org.testng.reporters.JUnitReportReporter -->
<testsuite hostname="DESKTOP-E8ITG7R" failures="0" tests="1" name="com.ghate.tests.HomePageTest" time="32.623" errors="0" timestamp="18 Nov 2024 17:56:23 GMT" skipped="0">
  <testcase classname="com.ghate.tests.HomePageTest" name="test2" time="32.623"/>
</testsuite> <!-- com.ghate.tests.HomePageTest -->
